0 info it worked if it ends with ok
1 verbose cli [ '/usr/local/Cellar/node/0.10.9/bin/node',
1 verbose cli   '/usr/local/bin/npm',
1 verbose cli   'install' ]
2 info using npm@1.2.24
3 info using node@v0.10.9
4 verbose read json /Users/eberry/Projects/Instructure/edu_apps/ember/xml_builder/package.json
5 error install Couldn't read dependencies
6 error Error: ENOENT, open '/Users/eberry/Projects/Instructure/edu_apps/ember/xml_builder/package.json'
7 error If you need help, you may report this log at:
7 error     <http://github.com/isaacs/npm/issues>
7 error or email it to:
7 error     <npm-@googlegroups.com>
8 error System Darwin 12.4.0
9 error command "/usr/local/Cellar/node/0.10.9/bin/node" "/usr/local/bin/npm" "install"
10 error cwd /Users/eberry/Projects/Instructure/edu_apps/ember/xml_builder
11 error node -v v0.10.9
12 error npm -v 1.2.24
13 error path /Users/eberry/Projects/Instructure/edu_apps/ember/xml_builder/package.json
14 error code ENOENT
15 error errno 34
16 verbose exit [ 34, true ]
